[2025-12-13 14:28:30] [INFO] [IP: ::1] Équipe sauvegardée par admin
[2025-12-13 14:28:45] [INFO] [IP: ::1] Équipe sauvegardée par admin
[2025-12-13 14:29:03] [INFO] [IP: ::1] Équipe #4 supprimée par admin
[2025-12-13 22:43:00] [INFO] [IP: ::1] Utilisateur sauvegardé par admin
[2025-12-13 22:45:01] [INFO] [IP: ::1] Utilisateur sauvegardé par admin
[2026-01-02 09:58:08] [INFO] [IP: ::1] Paramètres généraux mis à jour par admin
[2026-01-05 03:54:30] [INFO] [IP: ::1] Utilisateur sauvegardé par admin
[2026-01-13 20:05:22] [ERROR] [IP: ::1] Erreur sauvegarde projet: SQLSTATE[42S22]: Column not found: 1054 Champ 'descriptif' inconnu dans field list
[2026-01-13 20:09:49] [ERROR] [IP: ::1] Erreur sauvegarde projet: SQLSTATE[42S22]: Column not found: 1054 Champ 'budget' inconnu dans field list
[2026-01-13 20:11:00] [ERROR] [IP: ::1] Erreur sauvegarde projet: SQLSTATE[42S22]: Column not found: 1054 Champ 'source_financement' inconnu dans field list
[2026-01-13 20:11:43] [INFO] [IP: ::1] Projet sauvegardé par admin
[2026-01-13 20:14:18] [INFO] [IP: ::1] Projet sauvegardé par admin
[2026-01-13 20:22:40] [INFO] [IP: ::1] Projet sauvegardé par admin
[2026-01-13 20:23:02] [INFO] [IP: ::1] Projet sauvegardé par admin
[2026-01-13 20:44:33] [INFO] [IP: ::1] Projet #3 mis à jour par le responsable user
[2026-01-13 20:44:44] [INFO] [IP: ::1] Projet #3 mis à jour par le responsable user
[2026-01-13 20:44:57] [INFO] [IP: ::1] Projet #3 mis à jour par le responsable user
[2026-01-13 20:55:01] [INFO] [IP: ::1] Projet sauvegardé par admin
[2026-01-13 21:05:22] [INFO] [IP: ::1] Projet sauvegardé par admin
[2026-01-13 21:23:15] [INFO] [IP: ::1] Membre #1 ajouté au projet #3 par admin
[2026-01-13 21:23:27] [INFO] [IP: ::1] Projet sauvegardé par admin
[2026-01-13 21:23:34] [INFO] [IP: ::1] Projet sauvegardé par admin
[2026-01-13 21:23:50] [INFO] [IP: ::1] Projet sauvegardé par admin
[2026-01-13 21:24:06] [INFO] [IP: ::1] Projet sauvegardé par admin
[2026-01-13 21:26:47] [INFO] [IP: ::1] Projet sauvegardé par admin
[2026-01-13 21:27:01] [INFO] [IP: ::1] Projet sauvegardé par admin
[2026-01-13 21:27:10] [INFO] [IP: ::1] Projet sauvegardé par admin
[2026-01-13 21:37:23] [INFO] [IP: ::1] Paramètres généraux mis à jour par admin
[2026-01-13 21:40:14] [INFO] [IP: ::1] Paramètres généraux mis à jour par admin
[2026-01-13 23:38:39] [INFO] [IP: ::1] Paramètres généraux mis à jour par admin
[2026-01-13 23:47:10] [INFO] [IP: ::1] Paramètres généraux mis à jour par admin
[2026-01-14 00:53:42] [INFO] [IP: ::1] Notification créée par admin
[2026-01-14 00:57:17] [INFO] [IP: ::1] Notification créée par admin
[2026-01-14 01:25:21] [INFO] [IP: ::1] Notification créée par admin
[2026-01-14 01:36:42] [INFO] [IP: ::1] Utilisateur sauvegardé par admin
[2026-01-14 01:37:23] [INFO] [IP: ::1] Utilisateur sauvegardé par admin
[2026-01-14 01:37:53] [INFO] [IP: ::1] Utilisateur #7 supprimé par admin
[2026-01-14 01:55:56] [INFO] [IP: ::1] Backup créé: backup_2026-01-14_01-55-56.sql par admin
[2026-01-14 01:56:11] [INFO] [IP: ::1] Paramètres généraux mis à jour par admin
[2026-01-14 01:57:09] [INFO] [IP: ::1] Cache vidé par admin
[2026-01-14 01:57:21] [INFO] [IP: ::1] Backup créé: backup_2026-01-14_01-57-21.sql par admin
[2026-01-14 02:14:38] [INFO] [IP: ::1] Paramètres généraux mis à jour par admin
[2026-01-14 02:17:06] [INFO] [IP: ::1] Cache vidé par admin
[2026-01-14 02:17:13] [INFO] [IP: ::1] Backup créé: backup_2026-01-14_02-17-13.sql par admin
[2026-01-14 02:17:23] [INFO] [IP: ::1] Cache vidé par admin
[2026-01-14 02:18:10] [INFO] [IP: ::1] Paramètres généraux mis à jour par admin
[2026-01-14 02:18:19] [INFO] [IP: ::1] Mode maintenance: activé par admin
[2026-01-14 02:28:13] [INFO] [IP: ::1] Mode maintenance: désactivé par admin
[2026-01-14 02:29:57] [INFO] [IP: ::1] Backup créé: backup_2026-01-14_02-29-57.sql (45.53 KB) par admin
[2026-01-14 02:30:11] [INFO] [IP: ::1] Cache vidé par admin
[2026-01-14 02:41:18] [INFO] [IP: ::1] Paramètres généraux mis à jour par admin
[2026-01-14 02:44:01] [INFO] [IP: ::1] Mode maintenance: activé par admin
[2026-01-14 02:56:14] [INFO] [IP: ::1] Cache vidé par admin
[2026-01-14 03:03:52] [INFO] [IP: ::1] Paramètres généraux mis à jour par admin
[2026-01-14 03:12:33] [INFO] [IP: ::1] Paramètres généraux mis à jour par admin
[2026-01-14 03:14:28] [INFO] [IP: ::1] Cache vidé: 3 fichiers supprimés par admin
[2026-01-14 03:14:39] [INFO] [IP: ::1] Backup créé: backup_2026-01-14_03-14-39.sql (45.53 KB) par admin
[2026-01-14 03:17:50] [INFO] [IP: ::1] Cache vidé: 0 fichiers supprimés par admin
[2026-01-14 03:19:05] [INFO] [IP: ::1] Cache vidé: 2 fichiers supprimés par admin
[2026-01-14 03:19:12] [INFO] [IP: ::1] Backup créé: backup_2026-01-14_03-19-12.sql (45.53 KB) par admin
[2026-01-14 03:19:20] [INFO] [IP: ::1] Cache vidé: 1 fichiers supprimés par admin
[2026-01-14 03:19:39] [INFO] [IP: ::1] Mode maintenance: désactivé par admin
[2026-01-14 03:19:55] [INFO] [IP: ::1] Paramètres généraux mis à jour par admin
[2026-01-14 03:22:27] [INFO] [IP: ::1] Paramètres généraux mis à jour par admin
[2026-01-14 03:30:16] [INFO] [IP: ::1] Paramètres généraux mis à jour par admin
[2026-01-14 03:31:18] [INFO] [IP: ::1] Paramètres généraux mis à jour par admin
[2026-01-14 03:31:58] [INFO] [IP: ::1] Backup créé: backup_2026-01-14_03-31-58.sql (45.53 KB) par admin
