[2025-12-10 09:53:50] FAILED - User: admin - IP: ::1
[2025-12-10 09:53:59] FAILED - User: admin - IP: ::1
[2025-12-10 09:54:06] FAILED - User: admin - IP: ::1
[2025-12-10 09:54:46] FAILED - User: admin - IP: ::1
[2025-12-10 09:55:27] FAILED - User: admin - IP: ::1
[2025-12-10 09:56:21] FAILED - User: admin - IP: ::1
[2025-12-10 09:56:52] FAILED - User: admin - IP: ::1
[2025-12-10 09:57:00] FAILED - User: user - IP: ::1
[2025-12-10 10:06:08] FAILED - User: admin - IP: ::1
[2025-12-10 10:09:07] SUCCESS - User: 1 - IP: ::1
[2025-12-10 10:18:40] SUCCESS - User: 1 - IP: ::1
[2025-12-10 10:19:10] LOGOUT - User ID: 1 - IP: ::1
[2025-12-10 10:19:43] SUCCESS - User: 1 - IP: ::1
[2025-12-10 10:19:47] LOGOUT - User ID: 1 - IP: ::1
[2025-12-10 10:19:50] SUCCESS - User: 1 - IP: ::1
[2025-12-10 10:21:44] LOGOUT - User ID: 1 - IP: ::1
[2025-12-10 10:21:52] SUCCESS - User: 2 - IP: ::1
[2025-12-10 10:22:02] LOGOUT - User ID: 2 - IP: ::1
[2025-12-10 10:22:16] SUCCESS - User: 1 - IP: ::1
[2025-12-10 12:43:15] SUCCESS - User: 1 - IP: ::1
[2025-12-11 13:12:16] SUCCESS - User: 1 - IP: ::1
[2025-12-11 13:12:46] LOGOUT - User ID: 1 - IP: ::1
[2025-12-11 13:12:55] SUCCESS - User: 2 - IP: ::1
[2025-12-11 13:53:57] SUCCESS - User: 1 - IP: ::1
[2025-12-11 13:54:09] LOGOUT - User ID: 1 - IP: ::1
[2025-12-11 13:54:22] SUCCESS - User: 1 - IP: ::1
[2025-12-12 07:55:50] SUCCESS - User: 1 - IP: ::1
[2025-12-12 10:03:44] SUCCESS - User: 1 - IP: ::1
[2025-12-12 11:55:28] SUCCESS - User: 1 - IP: ::1
[2025-12-12 13:04:46] SUCCESS - User: 1 - IP: ::1
[2025-12-12 15:45:46] SUCCESS - User: 1 - IP: ::1
[2025-12-13 09:03:32] SUCCESS - User: 1 - IP: ::1
[2025-12-13 10:05:25] SUCCESS - User: 1 - IP: ::1
[2025-12-13 10:49:40] SUCCESS - User: 1 - IP: ::1
[2025-12-13 14:26:23] SUCCESS - User: 1 - IP: ::1
[2025-12-13 16:00:32] SUCCESS - User: 1 - IP: ::1
[2025-12-13 16:31:59] SUCCESS - User: 1 - IP: ::1
[2025-12-13 19:09:29] SUCCESS - User: 1 - IP: ::1
[2025-12-13 22:11:38] SUCCESS - User: 1 - IP: ::1
[2025-12-14 08:47:24] SUCCESS - User: 1 - IP: ::1
[2025-12-14 09:44:57] SUCCESS - User: 1 - IP: ::1
[2025-12-14 12:35:12] SUCCESS - User: 1 - IP: ::1
[2025-12-14 14:23:45] SUCCESS - User: 1 - IP: ::1
[2025-12-14 14:30:27] LOGOUT - User ID: 1 - IP: ::1
[2025-12-14 14:30:36] SUCCESS - User: 1 - IP: ::1
[2025-12-14 14:31:24] LOGOUT - User ID: 1 - IP: ::1
[2025-12-14 14:34:56] SUCCESS - User: 1 - IP: ::1
[2025-12-14 14:34:59] LOGOUT - User ID: 1 - IP: ::1
[2025-12-14 14:35:27] FAILED - User: gfhgf - IP: ::1
[2025-12-14 14:35:41] FAILED - User: ghfhfghgf - IP: ::1
[2025-12-14 14:36:31] SUCCESS - User: 1 - IP: ::1
[2025-12-14 15:49:42] SUCCESS - User: 1 - IP: ::1
[2025-12-14 15:50:54] LOGOUT - User ID: 1 - IP: ::1
[2025-12-14 15:51:03] SUCCESS - User: 1 - IP: ::1
[2025-12-14 17:34:14] FAILED - User: admin - IP: ::1
[2025-12-14 17:34:21] SUCCESS - User: 1 - IP: ::1
[2025-12-14 18:41:59] SUCCESS - User: 1 - IP: ::1
[2025-12-15 10:48:23] SUCCESS - User: 1 - IP: ::1
[2025-12-15 11:29:28] LOGOUT - User ID: 1 - IP: ::1
[2025-12-15 11:29:34] SUCCESS - User: 1 - IP: ::1
[2025-12-15 17:00:04] SUCCESS - User: 1 - IP: ::1
[2025-12-15 17:00:50] LOGOUT - User ID: 1 - IP: ::1
[2025-12-15 17:00:56] SUCCESS - User: 2 - IP: ::1
[2025-12-15 17:21:49] LOGOUT - User ID: 2 - IP: ::1
[2025-12-15 17:21:59] FAILED - User: visiteur - IP: ::1
[2025-12-15 17:25:40] SUCCESS - User: 9 - IP: ::1
[2025-12-15 17:28:56] SUCCESS - User: 9 - IP: ::1
[2025-12-15 17:29:51] SUCCESS - User: 2 - IP: ::1
[2025-12-15 17:29:58] LOGOUT - User ID: 2 - IP: ::1
[2025-12-16 04:46:56] SUCCESS - User: 2 - IP: ::1
[2025-12-16 04:47:51] LOGOUT - User ID: 2 - IP: ::1
[2025-12-16 05:16:00] SUCCESS - User: 2 - IP: ::1
[2025-12-16 05:27:12] LOGOUT - User ID: 2 - IP: ::1
[2025-12-16 05:28:41] SUCCESS - User: 2 - IP: ::1
[2025-12-16 05:34:25] LOGOUT - User ID: 2 - IP: ::1
[2025-12-16 05:41:43] SUCCESS - User: 2 - IP: ::1
[2025-12-16 05:43:01] LOGOUT - User ID: 2 - IP: ::1
[2025-12-16 05:43:08] SUCCESS - User: 1 - IP: ::1
[2025-12-16 05:51:13] LOGOUT - User ID: 1 - IP: ::1
[2025-12-17 02:26:08] SUCCESS - User: 1 - IP: ::1
[2025-12-17 02:27:39] LOGOUT - User ID: 1 - IP: ::1
[2025-12-17 03:31:56] SUCCESS - User: 2 - IP: ::1
[2025-12-17 03:35:25] LOGOUT - User ID: 2 - IP: ::1
[2025-12-17 07:29:03] SUCCESS - User: 2 - IP: ::1
[2025-12-17 07:35:15] LOGOUT - User ID: 2 - IP: ::1
[2025-12-17 07:44:25] SUCCESS - User: 2 - IP: ::1
[2025-12-17 09:46:55] SUCCESS - User: 2 - IP: ::1
[2025-12-17 09:53:59] LOGOUT - User ID: 2 - IP: ::1
[2025-12-17 09:54:18] SUCCESS - User: 1 - IP: ::1
[2025-12-17 09:55:06] LOGOUT - User ID: 1 - IP: ::1
[2025-12-17 10:20:30] SUCCESS - User: 1 - IP: ::1
[2025-12-17 10:44:57] LOGOUT - User ID: 1 - IP: ::1
[2025-12-17 12:32:25] SUCCESS - User: 1 - IP: ::1
[2025-12-17 12:32:49] LOGOUT - User ID: 1 - IP: ::1
[2025-12-17 13:03:03] SUCCESS - User: 1 - IP: ::1
[2025-12-17 13:03:48] LOGOUT - User ID: 1 - IP: ::1
[2025-12-17 13:10:07] SUCCESS - User: 1 - IP: ::1
[2025-12-17 13:12:09] LOGOUT - User ID: 1 - IP: ::1
[2025-12-17 13:12:21] SUCCESS - User: 2 - IP: ::1
[2025-12-20 22:00:38] SUCCESS - User: 2 - IP: ::1
[2026-01-02 04:51:20] SUCCESS - User: 1 - IP: ::1
[2026-01-02 05:25:34] SUCCESS - User: 1 - IP: ::1
[2026-01-02 07:19:08] SUCCESS - User: 1 - IP: ::1
[2026-01-02 11:30:15] SUCCESS - User: 1 - IP: ::1
[2026-01-02 11:58:45] LOGOUT - User ID: 1 - IP: ::1
[2026-01-02 11:58:55] SUCCESS - User: 2 - IP: ::1
[2026-01-02 12:02:59] LOGOUT - User ID: 2 - IP: ::1
[2026-01-02 12:03:10] SUCCESS - User: 1 - IP: ::1
[2026-01-02 12:56:03] SUCCESS - User: 1 - IP: ::1
[2026-01-02 14:06:30] SUCCESS - User: 1 - IP: ::1
[2026-01-02 16:17:54] SUCCESS - User: 1 - IP: ::1
[2026-01-02 21:26:08] SUCCESS - User: 1 - IP: ::1
[2026-01-02 21:44:44] LOGOUT - User ID: 1 - IP: ::1
[2026-01-02 21:46:25] SUCCESS - User: 2 - IP: ::1
[2026-01-02 22:39:17] LOGOUT - User ID: 2 - IP: ::1
[2026-01-02 22:39:25] SUCCESS - User: 1 - IP: ::1
[2026-01-02 22:44:01] LOGOUT - User ID: 1 - IP: ::1
[2026-01-02 22:44:11] SUCCESS - User: 2 - IP: ::1
[2026-01-03 19:07:06] SUCCESS - User: 2 - IP: ::1
[2026-01-05 03:54:01] SUCCESS - User: 1 - IP: ::1
[2026-01-05 03:55:54] LOGOUT - User ID: 1 - IP: ::1
[2026-01-05 04:33:04] SUCCESS - User: 1 - IP: ::1
[2026-01-05 04:39:50] LOGOUT - User ID: 1 - IP: ::1
[2026-01-05 05:43:36] SUCCESS - User: 1 - IP: ::1
[2026-01-05 05:44:33] LOGOUT - User ID: 1 - IP: ::1
[2026-01-05 05:44:40] SUCCESS - User: 2 - IP: ::1
[2026-01-05 05:46:32] LOGOUT - User ID: 2 - IP: ::1
[2026-01-05 13:28:08] SUCCESS - User: 1 - IP: ::1
[2026-01-05 13:28:49] LOGOUT - User ID: 1 - IP: ::1
[2026-01-05 13:28:57] SUCCESS - User: 2 - IP: ::1
[2026-01-05 13:30:51] LOGOUT - User ID: 2 - IP: ::1
[2026-01-06 02:43:53] SUCCESS - User: 2 - IP: ::1
[2026-01-06 02:56:33] LOGOUT - User ID: 2 - IP: ::1
[2026-01-06 22:28:11] SUCCESS - User: 2 - IP: ::1
[2026-01-07 00:28:11] LOGOUT - User ID: 2 - IP: ::1
[2026-01-07 00:28:17] SUCCESS - User: 1 - IP: ::1
[2026-01-07 00:41:54] LOGOUT - User ID: 1 - IP: ::1
[2026-01-07 01:03:52] SUCCESS - User: 1 - IP: ::1
[2026-01-07 01:15:06] LOGOUT - User ID: 1 - IP: ::1
[2026-01-07 01:15:14] SUCCESS - User: 2 - IP: ::1
[2026-01-07 01:16:51] LOGOUT - User ID: 2 - IP: ::1
[2026-01-07 01:16:58] SUCCESS - User: 1 - IP: ::1
[2026-01-07 01:21:25] LOGOUT - User ID: 1 - IP: ::1
[2026-01-07 01:21:31] SUCCESS - User: 2 - IP: ::1
[2026-01-07 01:22:01] LOGOUT - User ID: 2 - IP: ::1
[2026-01-07 01:22:04] SUCCESS - User: 1 - IP: ::1
[2026-01-07 01:30:08] LOGOUT - User ID: 1 - IP: ::1
[2026-01-07 12:16:34] SUCCESS - User: 1 - IP: ::1
[2026-01-07 12:18:08] LOGOUT - User ID: 1 - IP: ::1
[2026-01-07 12:31:07] SUCCESS - User: 1 - IP: ::1
[2026-01-07 12:38:41] LOGOUT - User ID: 1 - IP: ::1
[2026-01-07 12:47:52] SUCCESS - User: 1 - IP: ::1
[2026-01-07 12:55:13] LOGOUT - User ID: 1 - IP: ::1
[2026-01-07 12:55:22] SUCCESS - User: 2 - IP: ::1
[2026-01-07 12:56:36] LOGOUT - User ID: 2 - IP: ::1
[2026-01-07 12:56:42] SUCCESS - User: 1 - IP: ::1
[2026-01-07 12:58:35] LOGOUT - User ID: 1 - IP: ::1
[2026-01-07 14:01:23] SUCCESS - User: 2 - IP: ::1
[2026-01-07 14:34:34] LOGOUT - User ID: 2 - IP: ::1
[2026-01-07 14:35:40] SUCCESS - User: 2 - IP: ::1
[2026-01-07 14:36:43] LOGOUT - User ID: 2 - IP: ::1
[2026-01-07 14:37:44] SUCCESS - User: 1 - IP: ::1
[2026-01-13 09:05:22] SUCCESS - User: 2 - IP: ::1
[2026-01-13 18:47:54] SUCCESS - User: 2 - IP: ::1
[2026-01-13 20:04:04] SUCCESS - User: 2 - IP: ::1
[2026-01-13 20:04:31] LOGOUT - User ID: 2 - IP: ::1
[2026-01-13 20:04:36] SUCCESS - User: 1 - IP: ::1
[2026-01-13 20:23:39] LOGOUT - User ID: 1 - IP: ::1
[2026-01-13 20:23:46] SUCCESS - User: 2 - IP: ::1
[2026-01-13 20:46:31] LOGOUT - User ID: 2 - IP: ::1
[2026-01-13 20:52:46] SUCCESS - User: 1 - IP: ::1
[2026-01-13 21:33:48] LOGOUT - User ID: 1 - IP: ::1
[2026-01-13 21:33:55] SUCCESS - User: 2 - IP: ::1
[2026-01-13 21:34:45] LOGOUT - User ID: 2 - IP: ::1
[2026-01-13 21:34:48] SUCCESS - User: 1 - IP: ::1
